<?xml version="1.0" encoding="UTF-8"?>
<testng-results skipped="0" failed="0" total="1" passed="1">
  <reporter-output>
  </reporter-output>
  <suite name="Default suite" duration-ms="6914" started-at="2019-10-14T08:30:50Z" finished-at="2019-10-14T08:30:56Z">
    <groups>
    </groups>
    <test name="Default test" duration-ms="6914" started-at="2019-10-14T08:30:50Z" finished-at="2019-10-14T08:30:56Z">
      <class name="Retweet">
        <test-method status="PASS" signature="tweet()[pri:0, instance:Retweet@464bee09]" name="tweet" duration-ms="6873" started-at="2019-10-14T14:00:50Z" finished-at="2019-10-14T14:00:56Z">
          <reporter-output>
          </reporter-output>
        </test-method> <!-- tweet -->
      </class> <!-- Retweet -->
    </test> <!-- Default test -->
  </suite> <!-- Default suite -->
</testng-results>
